<?xml version="1.0" encoding="UTF-8"?>
<testng-results ignored="0" total="1" passed="1" failed="0" skipped="0">
  <reporter-output>
  </reporter-output>
  <suite started-at="2022-04-03T00:24:57Z" name="Default suite" finished-at="2022-04-03T00:25:03Z" duration-ms="5854">
    <groups>
    </groups>
    <test started-at="2022-04-03T00:24:57Z" name="Default test" finished-at="2022-04-03T00:25:03Z" duration-ms="5854">
      <class name="variousConcepts.CrmTest">
        <test-method is-config="true" signature="readConfig()[pri:0, instance:variousConcepts.CrmTest@727eb8cb]" started-at="2022-04-03T00:24:57Z" name="readConfig" finished-at="2022-04-03T00:24:57Z" duration-ms="11" status="PASS">
          <reporter-output>
          </reporter-output>
        </test-method> <!-- readConfig -->
        <test-method is-config="true" signature="init()[pri:0, instance:variousConcepts.CrmTest@727eb8cb]" started-at="2022-04-03T00:24:57Z" name="init" finished-at="2022-04-03T00:24:59Z" duration-ms="2338" status="PASS">
          <reporter-output>
          </reporter-output>
        </test-method> <!-- init -->
        <test-method signature="addCustomerTest()[pri:2, instance:variousConcepts.CrmTest@727eb8cb]" started-at="2022-04-03T00:24:59Z" name="addCustomerTest" finished-at="2022-04-03T00:25:03Z" duration-ms="3483" status="PASS">
          <reporter-output>
          </reporter-output>
        </test-method> <!-- addCustomerTest -->
      </class> <!-- variousConcepts.CrmTest -->
    </test> <!-- Default test -->
  </suite> <!-- Default suite -->
</testng-results>
